[debug] [2026-01-06T07:45:36.267Z] ----------------------------------------------------------------------
[debug] [2026-01-06T07:45:36.270Z] Command:       C:\Program Files\nodejs\node.exe C:\Users\user\AppData\Roaming\npm\node_modules\firebase-tools\lib\bin\firebase.js deploy --only functions
[debug] [2026-01-06T07:45:36.270Z] CLI Version:   15.1.0
[debug] [2026-01-06T07:45:36.270Z] Platform:      win32
[debug] [2026-01-06T07:45:36.270Z] Node Version:  v22.16.0
[debug] [2026-01-06T07:45:36.270Z] Time:          Tue Jan 06 2026 01:45:36 GMT-0600 (Central Standard Time)
[debug] [2026-01-06T07:45:36.270Z] ----------------------------------------------------------------------
[debug] 
[debug] [2026-01-06T07:45:37.679Z] > command requires scopes: ["email","openid","https://www.googleapis.com/auth/cloudplatformprojects.readonly","https://www.googleapis.com/auth/firebase","https://www.googleapis.com/auth/cloud-platform"]
[debug] [2026-01-06T07:45:37.679Z] > authorizing via signed-in user (kevin1793@gmail.com)
[debug] [2026-01-06T07:45:37.680Z] [iam] checking project qualiply-354a0 for permissions ["cloudfunctions.functions.create","cloudfunctions.functions.delete","cloudfunctions.functions.get","cloudfunctions.functions.list","cloudfunctions.functions.update","cloudfunctions.operations.get","firebase.projects.get"]
[debug] [2026-01-06T07:45:37.680Z] Checked if tokens are valid: true, expires at: 1767688285246
[debug] [2026-01-06T07:45:37.680Z] Checked if tokens are valid: true, expires at: 1767688285246
[debug] [2026-01-06T07:45:37.681Z] >>> [apiv2][query] POST https://cloudresourcemanager.googleapis.com/v1/projects/qualiply-354a0:testIamPermissions [none]
[debug] [2026-01-06T07:45:37.681Z] >>> [apiv2][(partial)header] POST https://cloudresourcemanager.googleapis.com/v1/projects/qualiply-354a0:testIamPermissions x-goog-quota-user=projects/qualiply-354a0
[debug] [2026-01-06T07:45:37.681Z] >>> [apiv2][body] POST https://cloudresourcemanager.googleapis.com/v1/projects/qualiply-354a0:testIamPermissions {"permissions":["cloudfunctions.functions.create","cloudfunctions.functions.delete","cloudfunctions.functions.get","cloudfunctions.functions.list","cloudfunctions.functions.update","cloudfunctions.operations.get","firebase.projects.get"]}
[debug] [2026-01-06T07:45:37.941Z] <<< [apiv2][status] POST https://cloudresourcemanager.googleapis.com/v1/projects/qualiply-354a0:testIamPermissions 200
[debug] [2026-01-06T07:45:37.941Z] <<< [apiv2][body] POST https://cloudresourcemanager.googleapis.com/v1/projects/qualiply-354a0:testIamPermissions {"permissions":["cloudfunctions.functions.create","cloudfunctions.functions.delete","cloudfunctions.functions.get","cloudfunctions.functions.list","cloudfunctions.functions.update","cloudfunctions.operations.get","firebase.projects.get"]}
[debug] [2026-01-06T07:45:37.941Z] Checked if tokens are valid: true, expires at: 1767688285246
[debug] [2026-01-06T07:45:37.942Z] Checked if tokens are valid: true, expires at: 1767688285246
[debug] [2026-01-06T07:45:37.942Z] >>> [apiv2][query] POST https://iam.googleapis.com/v1/projects/qualiply-354a0/serviceAccounts/qualiply-354a0@appspot.gserviceaccount.com:testIamPermissions [none]
[debug] [2026-01-06T07:45:37.942Z] >>> [apiv2][body] POST https://iam.googleapis.com/v1/projects/qualiply-354a0/serviceAccounts/qualiply-354a0@appspot.gserviceaccount.com:testIamPermissions {"permissions":["iam.serviceAccounts.actAs"]}
[debug] [2026-01-06T07:45:38.111Z] <<< [apiv2][status] POST https://iam.googleapis.com/v1/projects/qualiply-354a0/serviceAccounts/qualiply-354a0@appspot.gserviceaccount.com:testIamPermissions 200
[debug] [2026-01-06T07:45:38.111Z] <<< [apiv2][body] POST https://iam.googleapis.com/v1/projects/qualiply-354a0/serviceAccounts/qualiply-354a0@appspot.gserviceaccount.com:testIamPermissions {"permissions":["iam.serviceAccounts.actAs"]}
[info] 
[info] === Deploying to 'qualiply-354a0'...
[info] 
[info] i  deploying functions 
[debug] [2026-01-06T07:45:38.114Z] Checked if tokens are valid: true, expires at: 1767688285246
[debug] [2026-01-06T07:45:38.114Z] Checked if tokens are valid: true, expires at: 1767688285246
[debug] [2026-01-06T07:45:38.114Z] >>> [apiv2][query] GET https://cloudresourcemanager.googleapis.com/v1/projects/qualiply-354a0 [none]
[debug] [2026-01-06T07:45:38.220Z] <<< [apiv2][status] GET https://cloudresourcemanager.googleapis.com/v1/projects/qualiply-354a0 200
[debug] [2026-01-06T07:45:38.220Z] <<< [apiv2][body] GET https://cloudresourcemanager.googleapis.com/v1/projects/qualiply-354a0 {"projectNumber":"937171229186","projectId":"qualiply-354a0","lifecycleState":"ACTIVE","name":"Qualiply","labels":{"firebase":"enabled","firebase-core":"disabled"},"createTime":"2026-01-03T02:46:05.954026Z"}
[info] i  functions: preparing codebase default for deployment 
[info] i  functions: ensuring required API cloudfunctions.googleapis.com is enabled... 
[info] i  functions: ensuring required API cloudbuild.googleapis.com is enabled... 
[info] i  artifactregistry: ensuring required API artifactregistry.googleapis.com is enabled... 
[debug] [2026-01-06T07:45:38.223Z] Checked if tokens are valid: true, expires at: 1767688285246
[debug] [2026-01-06T07:45:38.223Z] Checked if tokens are valid: true, expires at: 1767688285246
[debug] [2026-01-06T07:45:38.223Z] >>> [apiv2][query] GET https://firebase.googleapis.com/v1beta1/projects/qualiply-354a0/adminSdkConfig [none]
[debug] [2026-01-06T07:45:38.653Z] <<< [apiv2][status] GET https://firebase.googleapis.com/v1beta1/projects/qualiply-354a0/adminSdkConfig 200
[debug] [2026-01-06T07:45:38.653Z] <<< [apiv2][body] GET https://firebase.googleapis.com/v1beta1/projects/qualiply-354a0/adminSdkConfig {"projectId":"qualiply-354a0","storageBucket":"qualiply-354a0.firebasestorage.app"}
[debug] [2026-01-06T07:45:38.653Z] Checked if tokens are valid: true, expires at: 1767688285246
[debug] [2026-01-06T07:45:38.653Z] Checked if tokens are valid: true, expires at: 1767688285246
[debug] [2026-01-06T07:45:38.653Z] >>> [apiv2][query] GET https://runtimeconfig.googleapis.com/v1beta1/projects/qualiply-354a0/configs [none]
[debug] [2026-01-06T07:45:38.847Z] <<< [apiv2][status] GET https://runtimeconfig.googleapis.com/v1beta1/projects/qualiply-354a0/configs 200
[debug] [2026-01-06T07:45:38.848Z] <<< [apiv2][body] GET https://runtimeconfig.googleapis.com/v1beta1/projects/qualiply-354a0/configs {}
[debug] [2026-01-06T07:45:38.849Z] Validating nodejs source
[warn] !  functions: package.json indicates an outdated version of firebase-functions. Please upgrade using npm install --save firebase-functions@latest in your functions directory. 
[warn] !  functions: Please note that there will be breaking changes when you upgrade. 
[debug] [2026-01-06T07:45:39.568Z] > [functions] package.json contents: {
  "name": "functions",
  "description": "Cloud Functions for Firebase",
  "scripts": {
    "serve": "firebase emulators:start --only functions",
    "shell": "firebase functions:shell",
    "start": "npm run shell",
    "deploy": "firebase deploy --only functions",
    "logs": "firebase functions:log"
  },
  "engines": {
    "node": "22"
  },
  "main": "index.js",
  "dependencies": {
    "firebase-admin": "^12.7.0",
    "firebase-functions": "^6.0.1"
  },
  "devDependencies": {
    "firebase-functions-test": "^3.1.0"
  },
  "private": true
}
[debug] [2026-01-06T07:45:39.568Z] Building nodejs source
[info] i  functions: Loading and analyzing source code for codebase default to determine what to deploy 
[debug] [2026-01-06T07:45:39.569Z] Could not find functions.yaml. Must use http discovery
[debug] [2026-01-06T07:45:39.577Z] Found firebase-functions binary at 'C:\Users\user\Documents\Code\Qualiply\qualiply\functions\node_modules\.bin\firebase-functions'
[info] Serving at port 8517

[debug] [2026-01-06T07:45:39.927Z] Got response from /__/functions.yaml {"endpoints":{"notifyAdminOnApplication":{"availableMemoryMb":null,"timeoutSeconds":null,"minInstances":null,"maxInstances":null,"ingressSettings":null,"concurrency":null,"serviceAccountEmail":null,"vpc":null,"platform":"gcfv2","region":["us-central1"],"labels":{},"eventTrigger":{"eventType":"google.cloud.firestore.document.v1.created","eventFilters":{"database":"(default)","namespace":"(default)"},"eventFilterPathPatterns":{"document":"applications/{appId}"},"retry":false},"entryPoint":"notifyAdminOnApplication"}},"specVersion":"v1alpha1","requiredAPIs":[],"extensions":{}}
[info] i  extensions: ensuring required API firebaseextensions.googleapis.com is enabled... 
[debug] [2026-01-06T07:45:43.956Z] > command requires scopes: ["email","openid","https://www.googleapis.com/auth/cloudplatformprojects.readonly","https://www.googleapis.com/auth/firebase","https://www.googleapis.com/auth/cloud-platform"]
[debug] [2026-01-06T07:45:43.956Z] > authorizing via signed-in user (kevin1793@gmail.com)
[debug] [2026-01-06T07:45:43.956Z] [iam] checking project qualiply-354a0 for permissions ["firebase.projects.get","firebaseextensions.instances.list"]
[debug] [2026-01-06T07:45:43.956Z] Checked if tokens are valid: true, expires at: 1767688285246
[debug] [2026-01-06T07:45:43.956Z] Checked if tokens are valid: true, expires at: 1767688285246
[debug] [2026-01-06T07:45:43.956Z] >>> [apiv2][query] POST https://cloudresourcemanager.googleapis.com/v1/projects/qualiply-354a0:testIamPermissions [none]
[debug] [2026-01-06T07:45:43.956Z] >>> [apiv2][(partial)header] POST https://cloudresourcemanager.googleapis.com/v1/projects/qualiply-354a0:testIamPermissions x-goog-quota-user=projects/qualiply-354a0
[debug] [2026-01-06T07:45:43.956Z] >>> [apiv2][body] POST https://cloudresourcemanager.googleapis.com/v1/projects/qualiply-354a0:testIamPermissions {"permissions":["firebase.projects.get","firebaseextensions.instances.list"]}
[debug] [2026-01-06T07:45:44.110Z] <<< [apiv2][status] POST https://cloudresourcemanager.googleapis.com/v1/projects/qualiply-354a0:testIamPermissions 200
[debug] [2026-01-06T07:45:44.111Z] <<< [apiv2][body] POST https://cloudresourcemanager.googleapis.com/v1/projects/qualiply-354a0:testIamPermissions {"permissions":["firebase.projects.get","firebaseextensions.instances.list"]}
[debug] [2026-01-06T07:45:44.111Z] Checked if tokens are valid: true, expires at: 1767688285246
[debug] [2026-01-06T07:45:44.111Z] Checked if tokens are valid: true, expires at: 1767688285246
[debug] [2026-01-06T07:45:44.111Z] >>> [apiv2][query] GET https://firebaseextensions.googleapis.com/v1beta/projects/qualiply-354a0/instances pageSize=100&pageToken=
[debug] [2026-01-06T07:45:44.463Z] <<< [apiv2][status] GET https://firebaseextensions.googleapis.com/v1beta/projects/qualiply-354a0/instances 200
[debug] [2026-01-06T07:45:44.463Z] <<< [apiv2][body] GET https://firebaseextensions.googleapis.com/v1beta/projects/qualiply-354a0/instances {}
[info] i  functions: preparing functions directory for uploading... 
[info] i  functions: packaged C:\Users\user\Documents\Code\Qualiply\qualiply\functions (67.2 KB) for uploading 
[debug] [2026-01-06T07:45:44.492Z] Checked if tokens are valid: true, expires at: 1767688285246
[debug] [2026-01-06T07:45:44.492Z] Checked if tokens are valid: true, expires at: 1767688285246
[debug] [2026-01-06T07:45:44.492Z] >>> [apiv2][query] GET https://cloudfunctions.googleapis.com/v1/projects/qualiply-354a0/locations/-/functions [none]
[debug] [2026-01-06T07:45:45.044Z] <<< [apiv2][status] GET https://cloudfunctions.googleapis.com/v1/projects/qualiply-354a0/locations/-/functions 200
[debug] [2026-01-06T07:45:45.044Z] <<< [apiv2][body] GET https://cloudfunctions.googleapis.com/v1/projects/qualiply-354a0/locations/-/functions {}
[debug] [2026-01-06T07:45:45.045Z] Checked if tokens are valid: true, expires at: 1767688285246
[debug] [2026-01-06T07:45:45.045Z] Checked if tokens are valid: true, expires at: 1767688285246
[debug] [2026-01-06T07:45:45.045Z] >>> [apiv2][query] GET https://cloudfunctions.googleapis.com/v2/projects/qualiply-354a0/locations/-/functions filter=environment%3D%22GEN_2%22
[debug] [2026-01-06T07:45:45.479Z] <<< [apiv2][status] GET https://cloudfunctions.googleapis.com/v2/projects/qualiply-354a0/locations/-/functions 200
[debug] [2026-01-06T07:45:45.479Z] <<< [apiv2][body] GET https://cloudfunctions.googleapis.com/v2/projects/qualiply-354a0/locations/-/functions {}
[debug] [2026-01-06T07:45:45.480Z] Checked if tokens are valid: true, expires at: 1767688285246
[debug] [2026-01-06T07:45:45.480Z] Checked if tokens are valid: true, expires at: 1767688285246
[debug] [2026-01-06T07:45:45.480Z] >>> [apiv2][query] GET https://firestore.googleapis.com/v1/projects/qualiply-354a0/databases/(default) [none]
[debug] [2026-01-06T07:45:45.780Z] <<< [apiv2][status] GET https://firestore.googleapis.com/v1/projects/qualiply-354a0/databases/(default) 200
[debug] [2026-01-06T07:45:45.780Z] <<< [apiv2][body] GET https://firestore.googleapis.com/v1/projects/qualiply-354a0/databases/(default) {"name":"projects/qualiply-354a0/databases/(default)","uid":"5d052706-067c-4cbf-af0c-a39acf172a97","createTime":"2026-01-03T02:50:52.508384Z","updateTime":"2026-01-03T02:50:52.508384Z","locationId":"nam5","type":"FIRESTORE_NATIVE","concurrencyMode":"PESSIMISTIC","versionRetentionPeriod":"3600s","earliestVersionTime":"2026-01-06T06:45:46.730842Z","appEngineIntegrationMode":"DISABLED","keyPrefix":"s","pointInTimeRecoveryEnablement":"POINT_IN_TIME_RECOVERY_DISABLED","deleteProtectionState":"DELETE_PROTECTION_DISABLED","databaseEdition":"STANDARD","freeTier":true,"realtimeUpdatesMode":"REALTIME_UPDATES_MODE_ENABLED","etag":"IJDF2ei19pEDMMeLmJC07pED"}
[info] i  functions: ensuring required API run.googleapis.com is enabled... 
[info] i  functions: ensuring required API eventarc.googleapis.com is enabled... 
[info] i  functions: ensuring required API pubsub.googleapis.com is enabled... 
[info] i  functions: ensuring required API storage.googleapis.com is enabled... 
[info] i  functions: generating the service identity for pubsub.googleapis.com... 
[debug] [2026-01-06T07:45:45.783Z] Checked if tokens are valid: true, expires at: 1767688285246
[debug] [2026-01-06T07:45:45.783Z] Checked if tokens are valid: true, expires at: 1767688285246
[info] i  functions: generating the service identity for eventarc.googleapis.com... 
[debug] [2026-01-06T07:45:45.783Z] Checked if tokens are valid: true, expires at: 1767688285246
[debug] [2026-01-06T07:45:45.783Z] Checked if tokens are valid: true, expires at: 1767688285246
[debug] [2026-01-06T07:45:45.783Z] >>> [apiv2][query] POST https://serviceusage.googleapis.com/v1beta1/projects/937171229186/services/pubsub.googleapis.com:generateServiceIdentity [none]
[debug] [2026-01-06T07:45:45.783Z] >>> [apiv2][(partial)header] POST https://serviceusage.googleapis.com/v1beta1/projects/937171229186/services/pubsub.googleapis.com:generateServiceIdentity x-goog-quota-user=projects/937171229186
[debug] [2026-01-06T07:45:45.783Z] >>> [apiv2][body] POST https://serviceusage.googleapis.com/v1beta1/projects/937171229186/services/pubsub.googleapis.com:generateServiceIdentity {}
[debug] [2026-01-06T07:45:45.784Z] >>> [apiv2][query] POST https://serviceusage.googleapis.com/v1beta1/projects/937171229186/services/eventarc.googleapis.com:generateServiceIdentity [none]
[debug] [2026-01-06T07:45:45.784Z] >>> [apiv2][(partial)header] POST https://serviceusage.googleapis.com/v1beta1/projects/937171229186/services/eventarc.googleapis.com:generateServiceIdentity x-goog-quota-user=projects/937171229186
[debug] [2026-01-06T07:45:45.784Z] >>> [apiv2][body] POST https://serviceusage.googleapis.com/v1beta1/projects/937171229186/services/eventarc.googleapis.com:generateServiceIdentity {}
[debug] [2026-01-06T07:45:46.192Z] <<< [apiv2][status] POST https://serviceusage.googleapis.com/v1beta1/projects/937171229186/services/pubsub.googleapis.com:generateServiceIdentity 200
[debug] [2026-01-06T07:45:46.192Z] <<< [apiv2][body] POST https://serviceusage.googleapis.com/v1beta1/projects/937171229186/services/pubsub.googleapis.com:generateServiceIdentity {"name":"operations/finished.DONE_OPERATION","done":true,"response":{"@type":"type.googleapis.com/google.api.serviceusage.v1beta1.ServiceIdentity","email":"service-937171229186@gcp-sa-pubsub.iam.gserviceaccount.com","uniqueId":"110158621619053735360"}}
[debug] [2026-01-06T07:45:46.210Z] <<< [apiv2][status] POST https://serviceusage.googleapis.com/v1beta1/projects/937171229186/services/eventarc.googleapis.com:generateServiceIdentity 200
[debug] [2026-01-06T07:45:46.210Z] <<< [apiv2][body] POST https://serviceusage.googleapis.com/v1beta1/projects/937171229186/services/eventarc.googleapis.com:generateServiceIdentity {"name":"operations/finished.DONE_OPERATION","done":true,"response":{"@type":"type.googleapis.com/google.api.serviceusage.v1beta1.ServiceIdentity","email":"service-937171229186@gcp-sa-eventarc.iam.gserviceaccount.com","uniqueId":"106578424429439335909"}}
[debug] [2026-01-06T07:45:46.211Z] Checked if tokens are valid: true, expires at: 1767688285246
[debug] [2026-01-06T07:45:46.211Z] Checked if tokens are valid: true, expires at: 1767688285246
[debug] [2026-01-06T07:45:46.211Z] >>> [apiv2][query] GET https://compute.googleapis.com/compute/v1/projects/937171229186 [none]
[debug] [2026-01-06T07:45:46.368Z] <<< [apiv2][status] GET https://compute.googleapis.com/compute/v1/projects/937171229186 403
[debug] [2026-01-06T07:45:46.368Z] <<< [apiv2][body] GET https://compute.googleapis.com/compute/v1/projects/937171229186 {"error":{"code":403,"message":"Compute Engine API has not been used in project 937171229186 before or it is disabled. Enable it by visiting https://console.developers.google.com/apis/api/compute.googleapis.com/overview?project=937171229186 then retry. If you enabled this API recently, wait a few minutes for the action to propagate to our systems and retry.","errors":[{"message":"Compute Engine API has not been used in project 937171229186 before or it is disabled. Enable it by visiting https://console.developers.google.com/apis/api/compute.googleapis.com/overview?project=937171229186 then retry. If you enabled this API recently, wait a few minutes for the action to propagate to our systems and retry.","domain":"usageLimits","reason":"accessNotConfigured","extendedHelp":"https://console.developers.google.com"}],"status":"PERMISSION_DENIED","details":[{"@type":"type.googleapis.com/google.rpc.ErrorInfo","reason":"SERVICE_DISABLED","domain":"googleapis.com","metadata":{"serviceTitle":"Compute Engine API","service":"compute.googleapis.com","containerInfo":"937171229186","activationUrl":"https://console.developers.google.com/apis/api/compute.googleapis.com/overview?project=937171229186","consumer":"projects/937171229186"}},{"@type":"type.googleapis.com/google.rpc.LocalizedMessage","locale":"en-US","message":"Compute Engine API has not been used in project 937171229186 before or it is disabled. Enable it by visiting https://console.developers.google.com/apis/api/compute.googleapis.com/overview?project=937171229186 then retry. If you enabled this API recently, wait a few minutes for the action to propagate to our systems and retry."},{"@type":"type.googleapis.com/google.rpc.Help","links":[{"description":"Google developers console API activation","url":"https://console.developers.google.com/apis/api/compute.googleapis.com/overview?project=937171229186"}]}]}}
[debug] [2026-01-06T07:45:46.369Z] unable to look up default compute service account. Falling back to 937171229186-compute@developer.gserviceaccount.com. Error: {"name":"FirebaseError","children":[],"context":{"body":{"error":{"code":403,"message":"Compute Engine API has not been used in project 937171229186 before or it is disabled. Enable it by visiting https://console.developers.google.com/apis/api/compute.googleapis.com/overview?project=937171229186 then retry. If you enabled this API recently, wait a few minutes for the action to propagate to our systems and retry.","errors":[{"message":"Compute Engine API has not been used in project 937171229186 before or it is disabled. Enable it by visiting https://console.developers.google.com/apis/api/compute.googleapis.com/overview?project=937171229186 then retry. If you enabled this API recently, wait a few minutes for the action to propagate to our systems and retry.","domain":"usageLimits","reason":"accessNotConfigured","extendedHelp":"https://console.developers.google.com"}],"status":"PERMISSION_DENIED","details":[{"@type":"type.googleapis.com/google.rpc.ErrorInfo","reason":"SERVICE_DISABLED","domain":"googleapis.com","metadata":{"serviceTitle":"Compute Engine API","service":"compute.googleapis.com","containerInfo":"937171229186","activationUrl":"https://console.developers.google.com/apis/api/compute.googleapis.com/overview?project=937171229186","consumer":"projects/937171229186"}},{"@type":"type.googleapis.com/google.rpc.LocalizedMessage","locale":"en-US","message":"Compute Engine API has not been used in project 937171229186 before or it is disabled. Enable it by visiting https://console.developers.google.com/apis/api/compute.googleapis.com/overview?project=937171229186 then retry. If you enabled this API recently, wait a few minutes for the action to propagate to our systems and retry."},{"@type":"type.googleapis.com/google.rpc.Help","links":[{"description":"Google developers console API activation","url":"https://console.developers.google.com/apis/api/compute.googleapis.com/overview?project=937171229186"}]}]}},"response":{"statusCode":403}},"exit":1,"message":"Request to https://compute.googleapis.com/compute/v1/projects/937171229186 had HTTP Error: 403, Compute Engine API has not been used in project 937171229186 before or it is disabled. Enable it by visiting https://console.developers.google.com/apis/api/compute.googleapis.com/overview?project=937171229186 then retry. If you enabled this API recently, wait a few minutes for the action to propagate to our systems and retry.","status":403}
[debug] [2026-01-06T07:45:46.369Z] Checked if tokens are valid: true, expires at: 1767688285246
[debug] [2026-01-06T07:45:46.369Z] Checked if tokens are valid: true, expires at: 1767688285246
[debug] [2026-01-06T07:45:46.369Z] >>> [apiv2][query] POST https://cloudresourcemanager.googleapis.com/v1/projects/937171229186:getIamPolicy [none]
[debug] [2026-01-06T07:45:46.584Z] <<< [apiv2][status] POST https://cloudresourcemanager.googleapis.com/v1/projects/937171229186:getIamPolicy 200
[debug] [2026-01-06T07:45:46.584Z] <<< [apiv2][body] POST https://cloudresourcemanager.googleapis.com/v1/projects/937171229186:getIamPolicy {"version":1,"etag":"BwZHszsf5V4=","bindings":[{"role":"roles/artifactregistry.serviceAgent","members":["serviceAccount:service-937171229186@gcp-sa-artifactregistry.iam.gserviceaccount.com"]},{"role":"roles/cloudbuild.builds.builder","members":["serviceAccount:937171229186@cloudbuild.gserviceaccount.com"]},{"role":"roles/cloudbuild.serviceAgent","members":["serviceAccount:service-937171229186@gcp-sa-cloudbuild.iam.gserviceaccount.com"]},{"role":"roles/cloudfunctions.admin","members":["serviceAccount:firebase-adminsdk-fbsvc@qualiply-354a0.iam.gserviceaccount.com"]},{"role":"roles/cloudfunctions.serviceAgent","members":["serviceAccount:service-937171229186@gcf-admin-robot.iam.gserviceaccount.com"]},{"role":"roles/containerregistry.ServiceAgent","members":["serviceAccount:service-937171229186@containerregistry.iam.gserviceaccount.com"]},{"role":"roles/editor","members":["serviceAccount:937171229186-compute@developer.gserviceaccount.com","serviceAccount:937171229186@cloudservices.gserviceaccount.com","serviceAccount:qualiply-354a0@appspot.gserviceaccount.com"]},{"role":"roles/eventarc.eventReceiver","members":["serviceAccount:937171229186-compute@developer.gserviceaccount.com"]},{"role":"roles/eventarc.serviceAgent","members":["serviceAccount:service-937171229186@gcp-sa-eventarc.iam.gserviceaccount.com"]},{"role":"roles/firebase.managementServiceAgent","members":["serviceAccount:service-937171229186@gcp-sa-firebase.iam.gserviceaccount.com"]},{"role":"roles/firebase.sdkAdminServiceAgent","members":["serviceAccount:firebase-adminsdk-fbsvc@qualiply-354a0.iam.gserviceaccount.com"]},{"role":"roles/firebaseauth.admin","members":["serviceAccount:firebase-adminsdk-fbsvc@qualiply-354a0.iam.gserviceaccount.com"]},{"role":"roles/firebasemods.serviceAgent","members":["serviceAccount:service-937171229186@gcp-sa-firebasemods.iam.gserviceaccount.com"]},{"role":"roles/firebaserules.system","members":["serviceAccount:service-937171229186@firebase-rules.iam.gserviceaccount.com"]},{"role":"roles/firebasestorage.serviceAgent","members":["serviceAccount:service-937171229186@gcp-sa-firebasestorage.iam.gserviceaccount.com"]},{"role":"roles/firestore.serviceAgent","members":["serviceAccount:service-937171229186@gcp-sa-firestore.iam.gserviceaccount.com"]},{"role":"roles/iam.serviceAccountTokenCreator","members":["serviceAccount:firebase-adminsdk-fbsvc@qualiply-354a0.iam.gserviceaccount.com","serviceAccount:service-937171229186@gcp-sa-pubsub.iam.gserviceaccount.com"]},{"role":"roles/owner","members":["user:kevin1793@gmail.com"]},{"role":"roles/run.invoker","members":["serviceAccount:937171229186-compute@developer.gserviceaccount.com"]},{"role":"roles/run.serviceAgent","members":["serviceAccount:service-937171229186@serverless-robot-prod.iam.gserviceaccount.com"]},{"role":"roles/storage.admin","members":["serviceAccount:firebase-adminsdk-fbsvc@qualiply-354a0.iam.gserviceaccount.com"]}]}
[debug] [2026-01-06T07:45:46.585Z] Checked if tokens are valid: true, expires at: 1767688285246
[debug] [2026-01-06T07:45:46.585Z] Checked if tokens are valid: true, expires at: 1767688285246
[debug] [2026-01-06T07:45:46.585Z] >>> [apiv2][query] GET https://cloudresourcemanager.googleapis.com/v1/projects/qualiply-354a0 [none]
[debug] [2026-01-06T07:45:46.690Z] <<< [apiv2][status] GET https://cloudresourcemanager.googleapis.com/v1/projects/qualiply-354a0 200
[debug] [2026-01-06T07:45:46.690Z] <<< [apiv2][body] GET https://cloudresourcemanager.googleapis.com/v1/projects/qualiply-354a0 {"projectNumber":"937171229186","projectId":"qualiply-354a0","lifecycleState":"ACTIVE","name":"Qualiply","labels":{"firebase":"enabled","firebase-core":"disabled"},"createTime":"2026-01-03T02:46:05.954026Z"}
[debug] [2026-01-06T07:45:46.691Z] Checked if tokens are valid: true, expires at: 1767688285246
[debug] [2026-01-06T07:45:46.691Z] Checked if tokens are valid: true, expires at: 1767688285246
[debug] [2026-01-06T07:45:46.691Z] >>> [apiv2][query] GET https://compute.googleapis.com/compute/v1/projects/937171229186 [none]
[debug] [2026-01-06T07:45:46.774Z] <<< [apiv2][status] GET https://compute.googleapis.com/compute/v1/projects/937171229186 403
[debug] [2026-01-06T07:45:46.774Z] <<< [apiv2][body] GET https://compute.googleapis.com/compute/v1/projects/937171229186 {"error":{"code":403,"message":"Compute Engine API has not been used in project 937171229186 before or it is disabled. Enable it by visiting https://console.developers.google.com/apis/api/compute.googleapis.com/overview?project=937171229186 then retry. If you enabled this API recently, wait a few minutes for the action to propagate to our systems and retry.","errors":[{"message":"Compute Engine API has not been used in project 937171229186 before or it is disabled. Enable it by visiting https://console.developers.google.com/apis/api/compute.googleapis.com/overview?project=937171229186 then retry. If you enabled this API recently, wait a few minutes for the action to propagate to our systems and retry.","domain":"usageLimits","reason":"accessNotConfigured","extendedHelp":"https://console.developers.google.com"}],"status":"PERMISSION_DENIED","details":[{"@type":"type.googleapis.com/google.rpc.ErrorInfo","reason":"SERVICE_DISABLED","domain":"googleapis.com","metadata":{"consumer":"projects/937171229186","activationUrl":"https://console.developers.google.com/apis/api/compute.googleapis.com/overview?project=937171229186","containerInfo":"937171229186","serviceTitle":"Compute Engine API","service":"compute.googleapis.com"}},{"@type":"type.googleapis.com/google.rpc.LocalizedMessage","locale":"en-US","message":"Compute Engine API has not been used in project 937171229186 before or it is disabled. Enable it by visiting https://console.developers.google.com/apis/api/compute.googleapis.com/overview?project=937171229186 then retry. If you enabled this API recently, wait a few minutes for the action to propagate to our systems and retry."},{"@type":"type.googleapis.com/google.rpc.Help","links":[{"description":"Google developers console API activation","url":"https://console.developers.google.com/apis/api/compute.googleapis.com/overview?project=937171229186"}]}]}}
[debug] [2026-01-06T07:45:46.774Z] unable to look up default compute service account. Falling back to 937171229186-compute@developer.gserviceaccount.com. Error: {"name":"FirebaseError","children":[],"context":{"body":{"error":{"code":403,"message":"Compute Engine API has not been used in project 937171229186 before or it is disabled. Enable it by visiting https://console.developers.google.com/apis/api/compute.googleapis.com/overview?project=937171229186 then retry. If you enabled this API recently, wait a few minutes for the action to propagate to our systems and retry.","errors":[{"message":"Compute Engine API has not been used in project 937171229186 before or it is disabled. Enable it by visiting https://console.developers.google.com/apis/api/compute.googleapis.com/overview?project=937171229186 then retry. If you enabled this API recently, wait a few minutes for the action to propagate to our systems and retry.","domain":"usageLimits","reason":"accessNotConfigured","extendedHelp":"https://console.developers.google.com"}],"status":"PERMISSION_DENIED","details":[{"@type":"type.googleapis.com/google.rpc.ErrorInfo","reason":"SERVICE_DISABLED","domain":"googleapis.com","metadata":{"consumer":"projects/937171229186","activationUrl":"https://console.developers.google.com/apis/api/compute.googleapis.com/overview?project=937171229186","containerInfo":"937171229186","serviceTitle":"Compute Engine API","service":"compute.googleapis.com"}},{"@type":"type.googleapis.com/google.rpc.LocalizedMessage","locale":"en-US","message":"Compute Engine API has not been used in project 937171229186 before or it is disabled. Enable it by visiting https://console.developers.google.com/apis/api/compute.googleapis.com/overview?project=937171229186 then retry. If you enabled this API recently, wait a few minutes for the action to propagate to our systems and retry."},{"@type":"type.googleapis.com/google.rpc.Help","links":[{"description":"Google developers console API activation","url":"https://console.developers.google.com/apis/api/compute.googleapis.com/overview?project=937171229186"}]}]}},"response":{"statusCode":403}},"exit":1,"message":"Request to https://compute.googleapis.com/compute/v1/projects/937171229186 had HTTP Error: 403, Compute Engine API has not been used in project 937171229186 before or it is disabled. Enable it by visiting https://console.developers.google.com/apis/api/compute.googleapis.com/overview?project=937171229186 then retry. If you enabled this API recently, wait a few minutes for the action to propagate to our systems and retry.","status":403}
[debug] [2026-01-06T07:45:46.775Z] Checked if tokens are valid: true, expires at: 1767688285246
[debug] [2026-01-06T07:45:46.775Z] Checked if tokens are valid: true, expires at: 1767688285246
[debug] [2026-01-06T07:45:46.775Z] >>> [apiv2][query] GET https://cloudbilling.googleapis.com/v1/projects/qualiply-354a0/billingInfo [none]
[debug] [2026-01-06T07:45:46.971Z] <<< [apiv2][status] GET https://cloudbilling.googleapis.com/v1/projects/qualiply-354a0/billingInfo 200
[debug] [2026-01-06T07:45:46.971Z] <<< [apiv2][body] GET https://cloudbilling.googleapis.com/v1/projects/qualiply-354a0/billingInfo {"name":"projects/qualiply-354a0/billingInfo","projectId":"qualiply-354a0","billingAccountName":"billingAccounts/011FA1-1522BA-0A0B44","billingEnabled":true}
[debug] [2026-01-06T07:45:46.973Z] Checked if tokens are valid: true, expires at: 1767688285246
[debug] [2026-01-06T07:45:46.973Z] Checked if tokens are valid: true, expires at: 1767688285246
[debug] [2026-01-06T07:45:46.973Z] >>> [apiv2][query] POST https://cloudfunctions.googleapis.com/v2/projects/qualiply-354a0/locations/us-central1/functions:generateUploadUrl [none]
[debug] [2026-01-06T07:45:47.253Z] <<< [apiv2][status] POST https://cloudfunctions.googleapis.com/v2/projects/qualiply-354a0/locations/us-central1/functions:generateUploadUrl 200
[debug] [2026-01-06T07:45:47.253Z] <<< [apiv2][body] POST https://cloudfunctions.googleapis.com/v2/projects/qualiply-354a0/locations/us-central1/functions:generateUploadUrl {"uploadUrl":"https://storage.googleapis.com/gcf-v2-uploads-937171229186.us-central1.cloudfunctions.appspot.com/e30999e9-12c7-4286-801c-92db92049527.zip?GoogleAccessId=service-937171229186@gcf-admin-robot.iam.gserviceaccount.com&Expires=1767687348&Signature=UfLYr%2BopgTc49RoXt5jTnruTrhpEI7BXEYVTzqZBhPG50IQiczWDmOr46ztj0xOBIg43KPH9GdvBImXxGkbq4Wqt2c7lGeHTogQXUOlBC8zQKY5b7qR970XTZxjU74aJvXiIGlAMhiLdJxWySQu9HW3AFNMbqxJS7ONYJ9P%2B8pKW8xwxaeVi9OSEWd2pYFkcBKDhifxceB8UAui1B1G7%2FqSoz68giOAYeJqUcRZTtEzrj0wAUMG4opIEk3BqxssiMPtcKp%2BTjrps4cFtbMY8a48dXgpD2cFfBzmTKVdp5OjdJ90nC3w4UdOAFPquhFwX2HZ%2F5Hfipox1GdAkBJdgIg%3D%3D","storageSource":{"bucket":"gcf-v2-uploads-937171229186.us-central1.cloudfunctions.appspot.com","object":"e30999e9-12c7-4286-801c-92db92049527.zip"}}
[debug] [2026-01-06T07:45:47.253Z] >>> [apiv2][query] PUT https://storage.googleapis.com/gcf-v2-uploads-937171229186.us-central1.cloudfunctions.appspot.com/e30999e9-12c7-4286-801c-92db92049527.zip GoogleAccessId=service-937171229186%40gcf-admin-robot.iam.gserviceaccount.com&Expires=1767687348&Signature=UfLYr%2BopgTc49RoXt5jTnruTrhpEI7BXEYVTzqZBhPG50IQiczWDmOr46ztj0xOBIg43KPH9GdvBImXxGkbq4Wqt2c7lGeHTogQXUOlBC8zQKY5b7qR970XTZxjU74aJvXiIGlAMhiLdJxWySQu9HW3AFNMbqxJS7ONYJ9P%2B8pKW8xwxaeVi9OSEWd2pYFkcBKDhifxceB8UAui1B1G7%2FqSoz68giOAYeJqUcRZTtEzrj0wAUMG4opIEk3BqxssiMPtcKp%2BTjrps4cFtbMY8a48dXgpD2cFfBzmTKVdp5OjdJ90nC3w4UdOAFPquhFwX2HZ%2F5Hfipox1GdAkBJdgIg%3D%3D
[debug] [2026-01-06T07:45:47.253Z] >>> [apiv2][body] PUT https://storage.googleapis.com/gcf-v2-uploads-937171229186.us-central1.cloudfunctions.appspot.com/e30999e9-12c7-4286-801c-92db92049527.zip [stream]
[debug] [2026-01-06T07:45:47.604Z] <<< [apiv2][status] PUT https://storage.googleapis.com/gcf-v2-uploads-937171229186.us-central1.cloudfunctions.appspot.com/e30999e9-12c7-4286-801c-92db92049527.zip 200
[debug] [2026-01-06T07:45:47.604Z] <<< [apiv2][body] PUT https://storage.googleapis.com/gcf-v2-uploads-937171229186.us-central1.cloudfunctions.appspot.com/e30999e9-12c7-4286-801c-92db92049527.zip [omitted]
[info] +  functions: functions source uploaded successfully 
[info] i  functions: creating Node.js 22 (2nd Gen) function notifyAdminOnApplication(us-central1)... 
[debug] [2026-01-06T07:45:47.607Z] Checked if tokens are valid: true, expires at: 1767688285246
[debug] [2026-01-06T07:45:47.607Z] Checked if tokens are valid: true, expires at: 1767688285246
[debug] [2026-01-06T07:45:47.607Z] >>> [apiv2][query] POST https://cloudfunctions.googleapis.com/v2/projects/qualiply-354a0/locations/us-central1/functions functionId=notifyAdminOnApplication
[debug] [2026-01-06T07:45:47.607Z] >>> [apiv2][body] POST https://cloudfunctions.googleapis.com/v2/projects/qualiply-354a0/locations/us-central1/functions {"name":"projects/qualiply-354a0/locations/us-central1/functions/notifyAdminOnApplication","buildConfig":{"runtime":"nodejs22","entryPoint":"notifyAdminOnApplication","source":{"storageSource":{"bucket":"gcf-v2-uploads-937171229186.us-central1.cloudfunctions.appspot.com","object":"e30999e9-12c7-4286-801c-92db92049527.zip"}},"environmentVariables":{"GOOGLE_NODE_RUN_SCRIPTS":""}},"serviceConfig":{"environmentVariables":{"FIREBASE_CONFIG":"{\"projectId\":\"qualiply-354a0\",\"storageBucket\":\"qualiply-354a0.firebasestorage.app\"}","GCLOUD_PROJECT":"qualiply-354a0","EVENTARC_CLOUD_EVENT_SOURCE":"projects/qualiply-354a0/locations/us-central1/services/notifyAdminOnApplication","FUNCTION_SIGNATURE_TYPE":"cloudevent","FUNCTION_TARGET":"notifyAdminOnApplication","LOG_EXECUTION_ID":"true"},"ingressSettings":null,"timeoutSeconds":null,"serviceAccountEmail":null,"availableMemory":"256Mi","minInstanceCount":null,"maxInstanceCount":null,"maxInstanceRequestConcurrency":80,"availableCpu":"1","vpcConnector":null,"vpcConnectorEgressSettings":null},"labels":{"deployment-tool":"cli-firebase","firebase-functions-hash":"f5e054887f90476afafe1283ed145f3077788bdd"},"eventTrigger":{"eventType":"google.cloud.firestore.document.v1.created","retryPolicy":"RETRY_POLICY_DO_NOT_RETRY","eventFilters":[{"attribute":"database","value":"(default)"},{"attribute":"namespace","value":"(default)"},{"attribute":"document","value":"applications/{appId}","operator":"match-path-pattern"}],"triggerRegion":"nam5"}}
[debug] [2026-01-06T07:45:48.679Z] <<< [apiv2][status] POST https://cloudfunctions.googleapis.com/v2/projects/qualiply-354a0/locations/us-central1/functions 200
[debug] [2026-01-06T07:45:48.679Z] <<< [apiv2][body] POST https://cloudfunctions.googleapis.com/v2/projects/qualiply-354a0/locations/us-central1/functions {"name":"projects/qualiply-354a0/locations/us-central1/operations/operation-1767685548775-647b35d359832-bbf4efa0-1b24c48d","metadata":{"@type":"type.googleapis.com/google.cloud.functions.v2.OperationMetadata","createTime":"2026-01-06T07:45:49.614244442Z","target":"projects/qualiply-354a0/locations/us-central1/functions/notifyAdminOnApplication","verb":"create","cancelRequested":false,"apiVersion":"v2"},"done":false}
[debug] [2026-01-06T07:45:48.679Z] Checked if tokens are valid: true, expires at: 1767688285246
[debug] [2026-01-06T07:45:48.679Z] Checked if tokens are valid: true, expires at: 1767688285246
[debug] [2026-01-06T07:45:48.679Z] >>> [apiv2][query] GET https://cloudfunctions.googleapis.com/v2/projects/qualiply-354a0/locations/us-central1/operations/operation-1767685548775-647b35d359832-bbf4efa0-1b24c48d [none]
[debug] [2026-01-06T07:45:48.792Z] <<< [apiv2][status] GET https://cloudfunctions.googleapis.com/v2/projects/qualiply-354a0/locations/us-central1/operations/operation-1767685548775-647b35d359832-bbf4efa0-1b24c48d 200
[debug] [2026-01-06T07:45:48.792Z] <<< [apiv2][body] GET https://cloudfunctions.googleapis.com/v2/projects/qualiply-354a0/locations/us-central1/operations/operation-1767685548775-647b35d359832-bbf4efa0-1b24c48d {"name":"projects/qualiply-354a0/locations/us-central1/operations/operation-1767685548775-647b35d359832-bbf4efa0-1b24c48d","metadata":{"@type":"type.googleapis.com/google.cloud.functions.v2.OperationMetadata","createTime":"2026-01-06T07:45:49.614244442Z","target":"projects/qualiply-354a0/locations/us-central1/functions/notifyAdminOnApplication","verb":"create","cancelRequested":false,"apiVersion":"v2"},"done":false}
[debug] [2026-01-06T07:45:49.297Z] [create-default-us-central1-notifyAdminOnApplication] Retrying task index 0
[debug] [2026-01-06T07:45:49.297Z] Checked if tokens are valid: true, expires at: 1767688285246
[debug] [2026-01-06T07:45:49.297Z] Checked if tokens are valid: true, expires at: 1767688285246
[debug] [2026-01-06T07:45:49.298Z] >>> [apiv2][query] GET https://cloudfunctions.googleapis.com/v2/projects/qualiply-354a0/locations/us-central1/operations/operation-1767685548775-647b35d359832-bbf4efa0-1b24c48d [none]
[debug] [2026-01-06T07:45:49.516Z] <<< [apiv2][status] GET https://cloudfunctions.googleapis.com/v2/projects/qualiply-354a0/locations/us-central1/operations/operation-1767685548775-647b35d359832-bbf4efa0-1b24c48d 200
[debug] [2026-01-06T07:45:49.516Z] <<< [apiv2][body] GET https://cloudfunctions.googleapis.com/v2/projects/qualiply-354a0/locations/us-central1/operations/operation-1767685548775-647b35d359832-bbf4efa0-1b24c48d {"name":"projects/qualiply-354a0/locations/us-central1/operations/operation-1767685548775-647b35d359832-bbf4efa0-1b24c48d","metadata":{"@type":"type.googleapis.com/google.cloud.functions.v2.OperationMetadata","createTime":"2026-01-06T07:45:49.614244442Z","target":"projects/qualiply-354a0/locations/us-central1/functions/notifyAdminOnApplication","verb":"create","cancelRequested":false,"apiVersion":"v2","requestResource":{"@type":"type.googleapis.com/google.cloud.functions.v2.Function","name":"projects/qualiply-354a0/locations/us-central1/functions/notifyAdminOnApplication","buildConfig":{"runtime":"nodejs22","entryPoint":"notifyAdminOnApplication","source":{"storageSource":{"bucket":"gcf-v2-sources-937171229186-us-central1","object":"notifyAdminOnApplication/function-source.zip","generation":"1767685548984020"}},"environmentVariables":{"GOOGLE_NODE_RUN_SCRIPTS":""},"serviceAccount":"projects/qualiply-354a0/serviceAccounts/937171229186-compute@developer.gserviceaccount.com","automaticUpdatePolicy":{}},"serviceConfig":{"service":"projects/qualiply-354a0/locations/us-central1/services/notifyadminonapplication","timeoutSeconds":60,"environmentVariables":{"FIREBASE_CONFIG":"{\"projectId\":\"qualiply-354a0\",\"storageBucket\":\"qualiply-354a0.firebasestorage.app\"}","GCLOUD_PROJECT":"qualiply-354a0","EVENTARC_CLOUD_EVENT_SOURCE":"projects/qualiply-354a0/locations/us-central1/services/notifyAdminOnApplication","FUNCTION_SIGNATURE_TYPE":"cloudevent","FUNCTION_TARGET":"notifyAdminOnApplication","LOG_EXECUTION_ID":"true"},"ingressSettings":"ALLOW_ALL","serviceAccountEmail":"937171229186-compute@developer.gserviceaccount.com","availableMemory":"256Mi","maxInstanceRequestConcurrency":80,"availableCpu":"1"},"eventTrigger":{"trigger":"projects/qualiply-354a0/locations/nam5/triggers/notifyadminonapplication-377979","triggerRegion":"nam5","eventType":"google.cloud.firestore.document.v1.created","eventFilters":[{"attribute":"database","value":"(default)"},{"attribute":"namespace","value":"(default)"},{"attribute":"document","value":"applications/{appId}","operator":"match-path-pattern"}],"serviceAccountEmail":"937171229186-compute@developer.gserviceaccount.com","retryPolicy":"RETRY_POLICY_DO_NOT_RETRY"},"labels":{"deployment-tool":"cli-firebase","firebase-functions-hash":"f5e054887f90476afafe1283ed145f3077788bdd"},"environment":"GEN_2"},"stages":[{"name":"BUILD","message":"Build in progress","state":"IN_PROGRESS","resource":"projects/937171229186/locations/us-central1/builds/49be0206-7587-4d56-9d3a-2695cfe389fa","resourceUri":"https://console.cloud.google.com/cloud-build/builds;region=us-central1/49be0206-7587-4d56-9d3a-2695cfe389fa?project=937171229186"},{"name":"SERVICE","state":"NOT_STARTED"},{"name":"TRIGGER","state":"NOT_STARTED"}],"operationType":"CREATE_FUNCTION","buildName":"projects/937171229186/locations/us-central1/builds/49be0206-7587-4d56-9d3a-2695cfe389fa"},"done":false}
[debug] [2026-01-06T07:45:50.530Z] [create-default-us-central1-notifyAdminOnApplication] Retrying task index 0
[debug] [2026-01-06T07:45:50.531Z] Checked if tokens are valid: true, expires at: 1767688285246
[debug] [2026-01-06T07:45:50.531Z] Checked if tokens are valid: true, expires at: 1767688285246
[debug] [2026-01-06T07:45:50.531Z] >>> [apiv2][query] GET https://cloudfunctions.googleapis.com/v2/projects/qualiply-354a0/locations/us-central1/operations/operation-1767685548775-647b35d359832-bbf4efa0-1b24c48d [none]
[debug] [2026-01-06T07:45:50.739Z] <<< [apiv2][status] GET https://cloudfunctions.googleapis.com/v2/projects/qualiply-354a0/locations/us-central1/operations/operation-1767685548775-647b35d359832-bbf4efa0-1b24c48d 200
[debug] [2026-01-06T07:45:50.739Z] <<< [apiv2][body] GET https://cloudfunctions.googleapis.com/v2/projects/qualiply-354a0/locations/us-central1/operations/operation-1767685548775-647b35d359832-bbf4efa0-1b24c48d {"name":"projects/qualiply-354a0/locations/us-central1/operations/operation-1767685548775-647b35d359832-bbf4efa0-1b24c48d","metadata":{"@type":"type.googleapis.com/google.cloud.functions.v2.OperationMetadata","createTime":"2026-01-06T07:45:49.614244442Z","target":"projects/qualiply-354a0/locations/us-central1/functions/notifyAdminOnApplication","verb":"create","cancelRequested":false,"apiVersion":"v2","requestResource":{"@type":"type.googleapis.com/google.cloud.functions.v2.Function","name":"projects/qualiply-354a0/locations/us-central1/functions/notifyAdminOnApplication","buildConfig":{"runtime":"nodejs22","entryPoint":"notifyAdminOnApplication","source":{"storageSource":{"bucket":"gcf-v2-sources-937171229186-us-central1","object":"notifyAdminOnApplication/function-source.zip","generation":"1767685548984020"}},"environmentVariables":{"GOOGLE_NODE_RUN_SCRIPTS":""},"serviceAccount":"projects/qualiply-354a0/serviceAccounts/937171229186-compute@developer.gserviceaccount.com","automaticUpdatePolicy":{}},"serviceConfig":{"service":"projects/qualiply-354a0/locations/us-central1/services/notifyadminonapplication","timeoutSeconds":60,"environmentVariables":{"FIREBASE_CONFIG":"{\"projectId\":\"qualiply-354a0\",\"storageBucket\":\"qualiply-354a0.firebasestorage.app\"}","GCLOUD_PROJECT":"qualiply-354a0","EVENTARC_CLOUD_EVENT_SOURCE":"projects/qualiply-354a0/locations/us-central1/services/notifyAdminOnApplication","FUNCTION_SIGNATURE_TYPE":"cloudevent","FUNCTION_TARGET":"notifyAdminOnApplication","LOG_EXECUTION_ID":"true"},"ingressSettings":"ALLOW_ALL","serviceAccountEmail":"937171229186-compute@developer.gserviceaccount.com","availableMemory":"256Mi","maxInstanceRequestConcurrency":80,"availableCpu":"1"},"eventTrigger":{"trigger":"projects/qualiply-354a0/locations/nam5/triggers/notifyadminonapplication-377979","triggerRegion":"nam5","eventType":"google.cloud.firestore.document.v1.created","eventFilters":[{"attribute":"database","value":"(default)"},{"attribute":"namespace","value":"(default)"},{"attribute":"document","value":"applications/{appId}","operator":"match-path-pattern"}],"serviceAccountEmail":"937171229186-compute@developer.gserviceaccount.com","retryPolicy":"RETRY_POLICY_DO_NOT_RETRY"},"labels":{"deployment-tool":"cli-firebase","firebase-functions-hash":"f5e054887f90476afafe1283ed145f3077788bdd"},"environment":"GEN_2"},"stages":[{"name":"BUILD","message":"Build in progress","state":"IN_PROGRESS","resource":"projects/937171229186/locations/us-central1/builds/49be0206-7587-4d56-9d3a-2695cfe389fa","resourceUri":"https://console.cloud.google.com/cloud-build/builds;region=us-central1/49be0206-7587-4d56-9d3a-2695cfe389fa?project=937171229186"},{"name":"SERVICE","state":"NOT_STARTED"},{"name":"TRIGGER","state":"NOT_STARTED"}],"operationType":"CREATE_FUNCTION","buildName":"projects/937171229186/locations/us-central1/builds/49be0206-7587-4d56-9d3a-2695cfe389fa"},"done":false}
[debug] [2026-01-06T07:45:52.752Z] [create-default-us-central1-notifyAdminOnApplication] Retrying task index 0
[debug] [2026-01-06T07:45:52.752Z] Checked if tokens are valid: true, expires at: 1767688285246
[debug] [2026-01-06T07:45:52.753Z] Checked if tokens are valid: true, expires at: 1767688285246
[debug] [2026-01-06T07:45:52.753Z] >>> [apiv2][query] GET https://cloudfunctions.googleapis.com/v2/projects/qualiply-354a0/locations/us-central1/operations/operation-1767685548775-647b35d359832-bbf4efa0-1b24c48d [none]
[debug] [2026-01-06T07:45:52.848Z] <<< [apiv2][status] GET https://cloudfunctions.googleapis.com/v2/projects/qualiply-354a0/locations/us-central1/operations/operation-1767685548775-647b35d359832-bbf4efa0-1b24c48d 200
[debug] [2026-01-06T07:45:52.848Z] <<< [apiv2][body] GET https://cloudfunctions.googleapis.com/v2/projects/qualiply-354a0/locations/us-central1/operations/operation-1767685548775-647b35d359832-bbf4efa0-1b24c48d {"name":"projects/qualiply-354a0/locations/us-central1/operations/operation-1767685548775-647b35d359832-bbf4efa0-1b24c48d","metadata":{"@type":"type.googleapis.com/google.cloud.functions.v2.OperationMetadata","createTime":"2026-01-06T07:45:49.614244442Z","target":"projects/qualiply-354a0/locations/us-central1/functions/notifyAdminOnApplication","verb":"create","cancelRequested":false,"apiVersion":"v2","requestResource":{"@type":"type.googleapis.com/google.cloud.functions.v2.Function","name":"projects/qualiply-354a0/locations/us-central1/functions/notifyAdminOnApplication","buildConfig":{"runtime":"nodejs22","entryPoint":"notifyAdminOnApplication","source":{"storageSource":{"bucket":"gcf-v2-sources-937171229186-us-central1","object":"notifyAdminOnApplication/function-source.zip","generation":"1767685548984020"}},"environmentVariables":{"GOOGLE_NODE_RUN_SCRIPTS":""},"serviceAccount":"projects/qualiply-354a0/serviceAccounts/937171229186-compute@developer.gserviceaccount.com","automaticUpdatePolicy":{}},"serviceConfig":{"service":"projects/qualiply-354a0/locations/us-central1/services/notifyadminonapplication","timeoutSeconds":60,"environmentVariables":{"FIREBASE_CONFIG":"{\"projectId\":\"qualiply-354a0\",\"storageBucket\":\"qualiply-354a0.firebasestorage.app\"}","GCLOUD_PROJECT":"qualiply-354a0","EVENTARC_CLOUD_EVENT_SOURCE":"projects/qualiply-354a0/locations/us-central1/services/notifyAdminOnApplication","FUNCTION_SIGNATURE_TYPE":"cloudevent","FUNCTION_TARGET":"notifyAdminOnApplication","LOG_EXECUTION_ID":"true"},"ingressSettings":"ALLOW_ALL","serviceAccountEmail":"937171229186-compute@developer.gserviceaccount.com","availableMemory":"256Mi","maxInstanceRequestConcurrency":80,"availableCpu":"1"},"eventTrigger":{"trigger":"projects/qualiply-354a0/locations/nam5/triggers/notifyadminonapplication-377979","triggerRegion":"nam5","eventType":"google.cloud.firestore.document.v1.created","eventFilters":[{"attribute":"database","value":"(default)"},{"attribute":"namespace","value":"(default)"},{"attribute":"document","value":"applications/{appId}","operator":"match-path-pattern"}],"serviceAccountEmail":"937171229186-compute@developer.gserviceaccount.com","retryPolicy":"RETRY_POLICY_DO_NOT_RETRY"},"labels":{"deployment-tool":"cli-firebase","firebase-functions-hash":"f5e054887f90476afafe1283ed145f3077788bdd"},"environment":"GEN_2"},"stages":[{"name":"BUILD","message":"Build in progress","state":"IN_PROGRESS","resource":"projects/937171229186/locations/us-central1/builds/49be0206-7587-4d56-9d3a-2695cfe389fa","resourceUri":"https://console.cloud.google.com/cloud-build/builds;region=us-central1/49be0206-7587-4d56-9d3a-2695cfe389fa?project=937171229186"},{"name":"SERVICE","state":"NOT_STARTED"},{"name":"TRIGGER","state":"NOT_STARTED"}],"operationType":"CREATE_FUNCTION","buildName":"projects/937171229186/locations/us-central1/builds/49be0206-7587-4d56-9d3a-2695cfe389fa"},"done":false}
[debug] [2026-01-06T07:45:56.852Z] [create-default-us-central1-notifyAdminOnApplication] Retrying task index 0
[debug] [2026-01-06T07:45:56.852Z] Checked if tokens are valid: true, expires at: 1767688285246
[debug] [2026-01-06T07:45:56.852Z] Checked if tokens are valid: true, expires at: 1767688285246
[debug] [2026-01-06T07:45:56.852Z] >>> [apiv2][query] GET https://cloudfunctions.googleapis.com/v2/projects/qualiply-354a0/locations/us-central1/operations/operation-1767685548775-647b35d359832-bbf4efa0-1b24c48d [none]
[debug] [2026-01-06T07:45:57.045Z] <<< [apiv2][status] GET https://cloudfunctions.googleapis.com/v2/projects/qualiply-354a0/locations/us-central1/operations/operation-1767685548775-647b35d359832-bbf4efa0-1b24c48d 200
[debug] [2026-01-06T07:45:57.045Z] <<< [apiv2][body] GET https://cloudfunctions.googleapis.com/v2/projects/qualiply-354a0/locations/us-central1/operations/operation-1767685548775-647b35d359832-bbf4efa0-1b24c48d {"name":"projects/qualiply-354a0/locations/us-central1/operations/operation-1767685548775-647b35d359832-bbf4efa0-1b24c48d","metadata":{"@type":"type.googleapis.com/google.cloud.functions.v2.OperationMetadata","createTime":"2026-01-06T07:45:49.614244442Z","target":"projects/qualiply-354a0/locations/us-central1/functions/notifyAdminOnApplication","verb":"create","cancelRequested":false,"apiVersion":"v2","requestResource":{"@type":"type.googleapis.com/google.cloud.functions.v2.Function","name":"projects/qualiply-354a0/locations/us-central1/functions/notifyAdminOnApplication","buildConfig":{"runtime":"nodejs22","entryPoint":"notifyAdminOnApplication","source":{"storageSource":{"bucket":"gcf-v2-sources-937171229186-us-central1","object":"notifyAdminOnApplication/function-source.zip","generation":"1767685548984020"}},"environmentVariables":{"GOOGLE_NODE_RUN_SCRIPTS":""},"serviceAccount":"projects/qualiply-354a0/serviceAccounts/937171229186-compute@developer.gserviceaccount.com","automaticUpdatePolicy":{}},"serviceConfig":{"service":"projects/qualiply-354a0/locations/us-central1/services/notifyadminonapplication","timeoutSeconds":60,"environmentVariables":{"FIREBASE_CONFIG":"{\"projectId\":\"qualiply-354a0\",\"storageBucket\":\"qualiply-354a0.firebasestorage.app\"}","GCLOUD_PROJECT":"qualiply-354a0","EVENTARC_CLOUD_EVENT_SOURCE":"projects/qualiply-354a0/locations/us-central1/services/notifyAdminOnApplication","FUNCTION_SIGNATURE_TYPE":"cloudevent","FUNCTION_TARGET":"notifyAdminOnApplication","LOG_EXECUTION_ID":"true"},"ingressSettings":"ALLOW_ALL","serviceAccountEmail":"937171229186-compute@developer.gserviceaccount.com","availableMemory":"256Mi","maxInstanceRequestConcurrency":80,"availableCpu":"1"},"eventTrigger":{"trigger":"projects/qualiply-354a0/locations/nam5/triggers/notifyadminonapplication-377979","triggerRegion":"nam5","eventType":"google.cloud.firestore.document.v1.created","eventFilters":[{"attribute":"database","value":"(default)"},{"attribute":"namespace","value":"(default)"},{"attribute":"document","value":"applications/{appId}","operator":"match-path-pattern"}],"serviceAccountEmail":"937171229186-compute@developer.gserviceaccount.com","retryPolicy":"RETRY_POLICY_DO_NOT_RETRY"},"labels":{"deployment-tool":"cli-firebase","firebase-functions-hash":"f5e054887f90476afafe1283ed145f3077788bdd"},"environment":"GEN_2"},"stages":[{"name":"BUILD","message":"Build in progress","state":"IN_PROGRESS","resource":"projects/937171229186/locations/us-central1/builds/49be0206-7587-4d56-9d3a-2695cfe389fa","resourceUri":"https://console.cloud.google.com/cloud-build/builds;region=us-central1/49be0206-7587-4d56-9d3a-2695cfe389fa?project=937171229186"},{"name":"SERVICE","state":"NOT_STARTED"},{"name":"TRIGGER","state":"NOT_STARTED"}],"operationType":"CREATE_FUNCTION","buildName":"projects/937171229186/locations/us-central1/builds/49be0206-7587-4d56-9d3a-2695cfe389fa"},"done":false}
[debug] [2026-01-06T07:46:05.058Z] [create-default-us-central1-notifyAdminOnApplication] Retrying task index 0
[debug] [2026-01-06T07:46:05.058Z] Checked if tokens are valid: true, expires at: 1767688285246
[debug] [2026-01-06T07:46:05.058Z] Checked if tokens are valid: true, expires at: 1767688285246
[debug] [2026-01-06T07:46:05.058Z] >>> [apiv2][query] GET https://cloudfunctions.googleapis.com/v2/projects/qualiply-354a0/locations/us-central1/operations/operation-1767685548775-647b35d359832-bbf4efa0-1b24c48d [none]
[debug] [2026-01-06T07:46:05.355Z] <<< [apiv2][status] GET https://cloudfunctions.googleapis.com/v2/projects/qualiply-354a0/locations/us-central1/operations/operation-1767685548775-647b35d359832-bbf4efa0-1b24c48d 200
[debug] [2026-01-06T07:46:05.355Z] <<< [apiv2][body] GET https://cloudfunctions.googleapis.com/v2/projects/qualiply-354a0/locations/us-central1/operations/operation-1767685548775-647b35d359832-bbf4efa0-1b24c48d {"name":"projects/qualiply-354a0/locations/us-central1/operations/operation-1767685548775-647b35d359832-bbf4efa0-1b24c48d","metadata":{"@type":"type.googleapis.com/google.cloud.functions.v2.OperationMetadata","createTime":"2026-01-06T07:45:49.614244442Z","target":"projects/qualiply-354a0/locations/us-central1/functions/notifyAdminOnApplication","verb":"create","cancelRequested":false,"apiVersion":"v2","requestResource":{"@type":"type.googleapis.com/google.cloud.functions.v2.Function","name":"projects/qualiply-354a0/locations/us-central1/functions/notifyAdminOnApplication","buildConfig":{"runtime":"nodejs22","entryPoint":"notifyAdminOnApplication","source":{"storageSource":{"bucket":"gcf-v2-sources-937171229186-us-central1","object":"notifyAdminOnApplication/function-source.zip","generation":"1767685548984020"}},"environmentVariables":{"GOOGLE_NODE_RUN_SCRIPTS":""},"serviceAccount":"projects/qualiply-354a0/serviceAccounts/937171229186-compute@developer.gserviceaccount.com","automaticUpdatePolicy":{}},"serviceConfig":{"service":"projects/qualiply-354a0/locations/us-central1/services/notifyadminonapplication","timeoutSeconds":60,"environmentVariables":{"FIREBASE_CONFIG":"{\"projectId\":\"qualiply-354a0\",\"storageBucket\":\"qualiply-354a0.firebasestorage.app\"}","GCLOUD_PROJECT":"qualiply-354a0","EVENTARC_CLOUD_EVENT_SOURCE":"projects/qualiply-354a0/locations/us-central1/services/notifyAdminOnApplication","FUNCTION_SIGNATURE_TYPE":"cloudevent","FUNCTION_TARGET":"notifyAdminOnApplication","LOG_EXECUTION_ID":"true"},"ingressSettings":"ALLOW_ALL","serviceAccountEmail":"937171229186-compute@developer.gserviceaccount.com","availableMemory":"256Mi","maxInstanceRequestConcurrency":80,"availableCpu":"1"},"eventTrigger":{"trigger":"projects/qualiply-354a0/locations/nam5/triggers/notifyadminonapplication-377979","triggerRegion":"nam5","eventType":"google.cloud.firestore.document.v1.created","eventFilters":[{"attribute":"database","value":"(default)"},{"attribute":"namespace","value":"(default)"},{"attribute":"document","value":"applications/{appId}","operator":"match-path-pattern"}],"serviceAccountEmail":"937171229186-compute@developer.gserviceaccount.com","retryPolicy":"RETRY_POLICY_DO_NOT_RETRY"},"labels":{"deployment-tool":"cli-firebase","firebase-functions-hash":"f5e054887f90476afafe1283ed145f3077788bdd"},"environment":"GEN_2"},"stages":[{"name":"BUILD","message":"Build in progress","state":"IN_PROGRESS","resource":"projects/937171229186/locations/us-central1/builds/49be0206-7587-4d56-9d3a-2695cfe389fa","resourceUri":"https://console.cloud.google.com/cloud-build/builds;region=us-central1/49be0206-7587-4d56-9d3a-2695cfe389fa?project=937171229186"},{"name":"SERVICE","state":"NOT_STARTED"},{"name":"TRIGGER","state":"NOT_STARTED"}],"operationType":"CREATE_FUNCTION","buildName":"projects/937171229186/locations/us-central1/builds/49be0206-7587-4d56-9d3a-2695cfe389fa"},"done":false}
[debug] [2026-01-06T07:46:15.368Z] [create-default-us-central1-notifyAdminOnApplication] Retrying task index 0
[debug] [2026-01-06T07:46:15.368Z] Checked if tokens are valid: true, expires at: 1767688285246
[debug] [2026-01-06T07:46:15.368Z] Checked if tokens are valid: true, expires at: 1767688285246
[debug] [2026-01-06T07:46:15.368Z] >>> [apiv2][query] GET https://cloudfunctions.googleapis.com/v2/projects/qualiply-354a0/locations/us-central1/operations/operation-1767685548775-647b35d359832-bbf4efa0-1b24c48d [none]
[debug] [2026-01-06T07:46:15.536Z] <<< [apiv2][status] GET https://cloudfunctions.googleapis.com/v2/projects/qualiply-354a0/locations/us-central1/operations/operation-1767685548775-647b35d359832-bbf4efa0-1b24c48d 200
[debug] [2026-01-06T07:46:15.536Z] <<< [apiv2][body] GET https://cloudfunctions.googleapis.com/v2/projects/qualiply-354a0/locations/us-central1/operations/operation-1767685548775-647b35d359832-bbf4efa0-1b24c48d {"name":"projects/qualiply-354a0/locations/us-central1/operations/operation-1767685548775-647b35d359832-bbf4efa0-1b24c48d","metadata":{"@type":"type.googleapis.com/google.cloud.functions.v2.OperationMetadata","createTime":"2026-01-06T07:45:49.614244442Z","target":"projects/qualiply-354a0/locations/us-central1/functions/notifyAdminOnApplication","verb":"create","cancelRequested":false,"apiVersion":"v2","requestResource":{"@type":"type.googleapis.com/google.cloud.functions.v2.Function","name":"projects/qualiply-354a0/locations/us-central1/functions/notifyAdminOnApplication","buildConfig":{"runtime":"nodejs22","entryPoint":"notifyAdminOnApplication","source":{"storageSource":{"bucket":"gcf-v2-sources-937171229186-us-central1","object":"notifyAdminOnApplication/function-source.zip","generation":"1767685548984020"}},"environmentVariables":{"GOOGLE_NODE_RUN_SCRIPTS":""},"serviceAccount":"projects/qualiply-354a0/serviceAccounts/937171229186-compute@developer.gserviceaccount.com","automaticUpdatePolicy":{}},"serviceConfig":{"service":"projects/qualiply-354a0/locations/us-central1/services/notifyadminonapplication","timeoutSeconds":60,"environmentVariables":{"FIREBASE_CONFIG":"{\"projectId\":\"qualiply-354a0\",\"storageBucket\":\"qualiply-354a0.firebasestorage.app\"}","GCLOUD_PROJECT":"qualiply-354a0","EVENTARC_CLOUD_EVENT_SOURCE":"projects/qualiply-354a0/locations/us-central1/services/notifyAdminOnApplication","FUNCTION_SIGNATURE_TYPE":"cloudevent","FUNCTION_TARGET":"notifyAdminOnApplication","LOG_EXECUTION_ID":"true"},"ingressSettings":"ALLOW_ALL","serviceAccountEmail":"937171229186-compute@developer.gserviceaccount.com","availableMemory":"256Mi","maxInstanceRequestConcurrency":80,"availableCpu":"1"},"eventTrigger":{"trigger":"projects/qualiply-354a0/locations/nam5/triggers/notifyadminonapplication-377979","triggerRegion":"nam5","eventType":"google.cloud.firestore.document.v1.created","eventFilters":[{"attribute":"database","value":"(default)"},{"attribute":"namespace","value":"(default)"},{"attribute":"document","value":"applications/{appId}","operator":"match-path-pattern"}],"serviceAccountEmail":"937171229186-compute@developer.gserviceaccount.com","retryPolicy":"RETRY_POLICY_DO_NOT_RETRY"},"labels":{"deployment-tool":"cli-firebase","firebase-functions-hash":"f5e054887f90476afafe1283ed145f3077788bdd"},"environment":"GEN_2"},"stages":[{"name":"BUILD","message":"Build in progress","state":"IN_PROGRESS","resource":"projects/937171229186/locations/us-central1/builds/49be0206-7587-4d56-9d3a-2695cfe389fa","resourceUri":"https://console.cloud.google.com/cloud-build/builds;region=us-central1/49be0206-7587-4d56-9d3a-2695cfe389fa?project=937171229186"},{"name":"SERVICE","state":"NOT_STARTED"},{"name":"TRIGGER","state":"NOT_STARTED"}],"operationType":"CREATE_FUNCTION","buildName":"projects/937171229186/locations/us-central1/builds/49be0206-7587-4d56-9d3a-2695cfe389fa"},"done":false}
[debug] [2026-01-06T07:46:25.546Z] [create-default-us-central1-notifyAdminOnApplication] Retrying task index 0
[debug] [2026-01-06T07:46:25.546Z] Checked if tokens are valid: true, expires at: 1767688285246
[debug] [2026-01-06T07:46:25.546Z] Checked if tokens are valid: true, expires at: 1767688285246
[debug] [2026-01-06T07:46:25.546Z] >>> [apiv2][query] GET https://cloudfunctions.googleapis.com/v2/projects/qualiply-354a0/locations/us-central1/operations/operation-1767685548775-647b35d359832-bbf4efa0-1b24c48d [none]
[debug] [2026-01-06T07:46:25.729Z] <<< [apiv2][status] GET https://cloudfunctions.googleapis.com/v2/projects/qualiply-354a0/locations/us-central1/operations/operation-1767685548775-647b35d359832-bbf4efa0-1b24c48d 200
[debug] [2026-01-06T07:46:25.729Z] <<< [apiv2][body] GET https://cloudfunctions.googleapis.com/v2/projects/qualiply-354a0/locations/us-central1/operations/operation-1767685548775-647b35d359832-bbf4efa0-1b24c48d {"name":"projects/qualiply-354a0/locations/us-central1/operations/operation-1767685548775-647b35d359832-bbf4efa0-1b24c48d","metadata":{"@type":"type.googleapis.com/google.cloud.functions.v2.OperationMetadata","createTime":"2026-01-06T07:45:49.614244442Z","target":"projects/qualiply-354a0/locations/us-central1/functions/notifyAdminOnApplication","verb":"create","cancelRequested":false,"apiVersion":"v2","requestResource":{"@type":"type.googleapis.com/google.cloud.functions.v2.Function","name":"projects/qualiply-354a0/locations/us-central1/functions/notifyAdminOnApplication","buildConfig":{"runtime":"nodejs22","entryPoint":"notifyAdminOnApplication","source":{"storageSource":{"bucket":"gcf-v2-sources-937171229186-us-central1","object":"notifyAdminOnApplication/function-source.zip","generation":"1767685548984020"}},"environmentVariables":{"GOOGLE_NODE_RUN_SCRIPTS":""},"serviceAccount":"projects/qualiply-354a0/serviceAccounts/937171229186-compute@developer.gserviceaccount.com","automaticUpdatePolicy":{}},"serviceConfig":{"service":"projects/qualiply-354a0/locations/us-central1/services/notifyadminonapplication","timeoutSeconds":60,"environmentVariables":{"FIREBASE_CONFIG":"{\"projectId\":\"qualiply-354a0\",\"storageBucket\":\"qualiply-354a0.firebasestorage.app\"}","GCLOUD_PROJECT":"qualiply-354a0","EVENTARC_CLOUD_EVENT_SOURCE":"projects/qualiply-354a0/locations/us-central1/services/notifyAdminOnApplication","FUNCTION_SIGNATURE_TYPE":"cloudevent","FUNCTION_TARGET":"notifyAdminOnApplication","LOG_EXECUTION_ID":"true"},"ingressSettings":"ALLOW_ALL","serviceAccountEmail":"937171229186-compute@developer.gserviceaccount.com","availableMemory":"256Mi","maxInstanceRequestConcurrency":80,"availableCpu":"1"},"eventTrigger":{"trigger":"projects/qualiply-354a0/locations/nam5/triggers/notifyadminonapplication-377979","triggerRegion":"nam5","eventType":"google.cloud.firestore.document.v1.created","eventFilters":[{"attribute":"database","value":"(default)"},{"attribute":"namespace","value":"(default)"},{"attribute":"document","value":"applications/{appId}","operator":"match-path-pattern"}],"serviceAccountEmail":"937171229186-compute@developer.gserviceaccount.com","retryPolicy":"RETRY_POLICY_DO_NOT_RETRY"},"labels":{"deployment-tool":"cli-firebase","firebase-functions-hash":"f5e054887f90476afafe1283ed145f3077788bdd"},"environment":"GEN_2"},"stages":[{"name":"BUILD","message":"Build in progress","state":"IN_PROGRESS","resource":"projects/937171229186/locations/us-central1/builds/49be0206-7587-4d56-9d3a-2695cfe389fa","resourceUri":"https://console.cloud.google.com/cloud-build/builds;region=us-central1/49be0206-7587-4d56-9d3a-2695cfe389fa?project=937171229186"},{"name":"SERVICE","state":"NOT_STARTED"},{"name":"TRIGGER","state":"NOT_STARTED"}],"operationType":"CREATE_FUNCTION","buildName":"projects/937171229186/locations/us-central1/builds/49be0206-7587-4d56-9d3a-2695cfe389fa"},"done":false}
[debug] [2026-01-06T07:46:35.743Z] [create-default-us-central1-notifyAdminOnApplication] Retrying task index 0
[debug] [2026-01-06T07:46:35.744Z] Checked if tokens are valid: true, expires at: 1767688285246
[debug] [2026-01-06T07:46:35.744Z] Checked if tokens are valid: true, expires at: 1767688285246
[debug] [2026-01-06T07:46:35.744Z] >>> [apiv2][query] GET https://cloudfunctions.googleapis.com/v2/projects/qualiply-354a0/locations/us-central1/operations/operation-1767685548775-647b35d359832-bbf4efa0-1b24c48d [none]
[debug] [2026-01-06T07:46:36.023Z] <<< [apiv2][status] GET https://cloudfunctions.googleapis.com/v2/projects/qualiply-354a0/locations/us-central1/operations/operation-1767685548775-647b35d359832-bbf4efa0-1b24c48d 200
[debug] [2026-01-06T07:46:36.023Z] <<< [apiv2][body] GET https://cloudfunctions.googleapis.com/v2/projects/qualiply-354a0/locations/us-central1/operations/operation-1767685548775-647b35d359832-bbf4efa0-1b24c48d {"name":"projects/qualiply-354a0/locations/us-central1/operations/operation-1767685548775-647b35d359832-bbf4efa0-1b24c48d","metadata":{"@type":"type.googleapis.com/google.cloud.functions.v2.OperationMetadata","createTime":"2026-01-06T07:45:49.614244442Z","target":"projects/qualiply-354a0/locations/us-central1/functions/notifyAdminOnApplication","verb":"create","cancelRequested":false,"apiVersion":"v2","requestResource":{"@type":"type.googleapis.com/google.cloud.functions.v2.Function","name":"projects/qualiply-354a0/locations/us-central1/functions/notifyAdminOnApplication","buildConfig":{"runtime":"nodejs22","entryPoint":"notifyAdminOnApplication","source":{"storageSource":{"bucket":"gcf-v2-sources-937171229186-us-central1","object":"notifyAdminOnApplication/function-source.zip","generation":"1767685548984020"}},"environmentVariables":{"GOOGLE_NODE_RUN_SCRIPTS":""},"serviceAccount":"projects/qualiply-354a0/serviceAccounts/937171229186-compute@developer.gserviceaccount.com","automaticUpdatePolicy":{}},"serviceConfig":{"service":"projects/qualiply-354a0/locations/us-central1/services/notifyadminonapplication","timeoutSeconds":60,"environmentVariables":{"FIREBASE_CONFIG":"{\"projectId\":\"qualiply-354a0\",\"storageBucket\":\"qualiply-354a0.firebasestorage.app\"}","GCLOUD_PROJECT":"qualiply-354a0","EVENTARC_CLOUD_EVENT_SOURCE":"projects/qualiply-354a0/locations/us-central1/services/notifyAdminOnApplication","FUNCTION_SIGNATURE_TYPE":"cloudevent","FUNCTION_TARGET":"notifyAdminOnApplication","LOG_EXECUTION_ID":"true"},"ingressSettings":"ALLOW_ALL","serviceAccountEmail":"937171229186-compute@developer.gserviceaccount.com","availableMemory":"256Mi","maxInstanceRequestConcurrency":80,"availableCpu":"1"},"eventTrigger":{"trigger":"projects/qualiply-354a0/locations/nam5/triggers/notifyadminonapplication-377979","triggerRegion":"nam5","eventType":"google.cloud.firestore.document.v1.created","eventFilters":[{"attribute":"database","value":"(default)"},{"attribute":"namespace","value":"(default)"},{"attribute":"document","value":"applications/{appId}","operator":"match-path-pattern"}],"serviceAccountEmail":"937171229186-compute@developer.gserviceaccount.com","retryPolicy":"RETRY_POLICY_DO_NOT_RETRY"},"labels":{"deployment-tool":"cli-firebase","firebase-functions-hash":"f5e054887f90476afafe1283ed145f3077788bdd"},"environment":"GEN_2"},"stages":[{"name":"ARTIFACT_REGISTRY","state":"NOT_STARTED"},{"name":"SERVICE","message":"Deleting Cloud Run service","state":"IN_PROGRESS","resource":"projects/qualiply-354a0/locations/us-central1/services/notifyadminonapplication"},{"name":"TRIGGER","message":"Deleting Eventarc trigger","state":"COMPLETE","resource":"projects/qualiply-354a0/locations/nam5/triggers/notifyadminonapplication-377979"}],"operationType":"CREATE_FUNCTION"},"done":false}
[debug] [2026-01-06T07:46:46.038Z] [create-default-us-central1-notifyAdminOnApplication] Retrying task index 0
[debug] [2026-01-06T07:46:46.038Z] Checked if tokens are valid: true, expires at: 1767688285246
[debug] [2026-01-06T07:46:46.038Z] Checked if tokens are valid: true, expires at: 1767688285246
[debug] [2026-01-06T07:46:46.038Z] >>> [apiv2][query] GET https://cloudfunctions.googleapis.com/v2/projects/qualiply-354a0/locations/us-central1/operations/operation-1767685548775-647b35d359832-bbf4efa0-1b24c48d [none]
[debug] [2026-01-06T07:46:46.217Z] <<< [apiv2][status] GET https://cloudfunctions.googleapis.com/v2/projects/qualiply-354a0/locations/us-central1/operations/operation-1767685548775-647b35d359832-bbf4efa0-1b24c48d 200
[debug] [2026-01-06T07:46:46.217Z] <<< [apiv2][body] GET https://cloudfunctions.googleapis.com/v2/projects/qualiply-354a0/locations/us-central1/operations/operation-1767685548775-647b35d359832-bbf4efa0-1b24c48d {"name":"projects/qualiply-354a0/locations/us-central1/operations/operation-1767685548775-647b35d359832-bbf4efa0-1b24c48d","metadata":{"@type":"type.googleapis.com/google.cloud.functions.v2.OperationMetadata","createTime":"2026-01-06T07:45:49.614244442Z","endTime":"2026-01-06T07:46:38.949594994Z","target":"projects/qualiply-354a0/locations/us-central1/functions/notifyAdminOnApplication","verb":"create","cancelRequested":false,"apiVersion":"v2","requestResource":{"@type":"type.googleapis.com/google.cloud.functions.v2.Function","name":"projects/qualiply-354a0/locations/us-central1/functions/notifyAdminOnApplication","buildConfig":{"runtime":"nodejs22","entryPoint":"notifyAdminOnApplication","source":{"storageSource":{"bucket":"gcf-v2-sources-937171229186-us-central1","object":"notifyAdminOnApplication/function-source.zip","generation":"1767685548984020"}},"environmentVariables":{"GOOGLE_NODE_RUN_SCRIPTS":""},"serviceAccount":"projects/qualiply-354a0/serviceAccounts/937171229186-compute@developer.gserviceaccount.com","automaticUpdatePolicy":{}},"serviceConfig":{"service":"projects/qualiply-354a0/locations/us-central1/services/notifyadminonapplication","timeoutSeconds":60,"environmentVariables":{"FIREBASE_CONFIG":"{\"projectId\":\"qualiply-354a0\",\"storageBucket\":\"qualiply-354a0.firebasestorage.app\"}","GCLOUD_PROJECT":"qualiply-354a0","EVENTARC_CLOUD_EVENT_SOURCE":"projects/qualiply-354a0/locations/us-central1/services/notifyAdminOnApplication","FUNCTION_SIGNATURE_TYPE":"cloudevent","FUNCTION_TARGET":"notifyAdminOnApplication","LOG_EXECUTION_ID":"true"},"ingressSettings":"ALLOW_ALL","serviceAccountEmail":"937171229186-compute@developer.gserviceaccount.com","availableMemory":"256Mi","maxInstanceRequestConcurrency":80,"availableCpu":"1"},"eventTrigger":{"trigger":"projects/qualiply-354a0/locations/nam5/triggers/notifyadminonapplication-377979","triggerRegion":"nam5","eventType":"google.cloud.firestore.document.v1.created","eventFilters":[{"attribute":"database","value":"(default)"},{"attribute":"namespace","value":"(default)"},{"attribute":"document","value":"applications/{appId}","operator":"match-path-pattern"}],"serviceAccountEmail":"937171229186-compute@developer.gserviceaccount.com","retryPolicy":"RETRY_POLICY_DO_NOT_RETRY"},"labels":{"deployment-tool":"cli-firebase","firebase-functions-hash":"f5e054887f90476afafe1283ed145f3077788bdd"},"environment":"GEN_2"},"stages":[{"name":"ARTIFACT_REGISTRY","message":"Deleting function artifacts in Artifact Registry","state":"COMPLETE"},{"name":"SERVICE","message":"Deleting Cloud Run service","state":"COMPLETE","resource":"projects/qualiply-354a0/locations/us-central1/services/notifyadminonapplication"},{"name":"TRIGGER","message":"Deleting Eventarc trigger","state":"COMPLETE","resource":"projects/qualiply-354a0/locations/nam5/triggers/notifyadminonapplication-377979"}],"operationType":"CREATE_FUNCTION"},"done":true,"error":{"code":3,"message":"Could not create or update Cloud Run service notifyadminonapplication, Container Healthcheck failed. Revision 'notifyadminonapplication-00001-sed' is not ready and cannot serve traffic. The user-provided container failed to start and listen on the port defined provided by the PORT=8080 environment variable within the allocated timeout. This can happen when the container port is misconfigured or if the timeout is too short. The health check timeout can be extended. Logs for this revision might contain more information.\n\nLogs URL: https://console.cloud.google.com/logs/viewer?project=qualiply-354a0&resource=cloud_run_revision/service_name/notifyadminonapplication/revision_name/notifyadminonapplication-00001-sed&advancedFilter=resource.type%3D%22cloud_run_revision%22%0Aresource.labels.service_name%3D%22notifyadminonapplication%22%0Aresource.labels.revision_name%3D%22notifyadminonapplication-00001-sed%22 \nFor more troubleshooting guidance, see https://cloud.google.com/run/docs/troubleshooting#container-failed-to-start"}}
[debug] [2026-01-06T07:46:46.217Z] Got source token undefined for region us-central1
[error] Could not create or update Cloud Run service notifyadminonapplication, Container Healthcheck failed. Revision 'notifyadminonapplication-00001-sed' is not ready and cannot serve traffic. The user-provided container failed to start and listen on the port defined provided by the PORT=8080 environment variable within the allocated timeout. This can happen when the container port is misconfigured or if the timeout is too short. The health check timeout can be extended. Logs for this revision might contain more information.

Logs URL: https://console.cloud.google.com/logs/viewer?project=qualiply-354a0&resource=cloud_run_revision/service_name/notifyadminonapplication/revision_name/notifyadminonapplication-00001-sed&advancedFilter=resource.type%3D%22cloud_run_revision%22%0Aresource.labels.service_name%3D%22notifyadminonapplication%22%0Aresource.labels.revision_name%3D%22notifyadminonapplication-00001-sed%22 
For more troubleshooting guidance, see https://cloud.google.com/run/docs/troubleshooting#container-failed-to-start
[debug] [2026-01-06T07:46:46.219Z] Total Function Deployment time: 58612
[debug] [2026-01-06T07:46:46.219Z] 1 Functions Deployed
[debug] [2026-01-06T07:46:46.219Z] 1 Functions Errored
[debug] [2026-01-06T07:46:46.219Z] 0 Function Deployments Aborted
[debug] [2026-01-06T07:46:46.219Z] Average Function Deployment time: 58611
[info] 
[info] Functions deploy had errors with the following functions:
	notifyAdminOnApplication(us-central1)
[debug] [2026-01-06T07:46:46.220Z] Checked if tokens are valid: true, expires at: 1767688285246
[debug] [2026-01-06T07:46:46.220Z] Checked if tokens are valid: true, expires at: 1767688285246
[debug] [2026-01-06T07:46:46.220Z] >>> [apiv2][query] GET https://artifactregistry.googleapis.com/v1/projects/qualiply-354a0/locations/us-central1/repositories/gcf-artifacts [none]
[debug] [2026-01-06T07:46:46.544Z] <<< [apiv2][status] GET https://artifactregistry.googleapis.com/v1/projects/qualiply-354a0/locations/us-central1/repositories/gcf-artifacts 200
[debug] [2026-01-06T07:46:46.544Z] <<< [apiv2][body] GET https://artifactregistry.googleapis.com/v1/projects/qualiply-354a0/locations/us-central1/repositories/gcf-artifacts {"name":"projects/qualiply-354a0/locations/us-central1/repositories/gcf-artifacts","format":"DOCKER","description":"This repository is created and used by Cloud Functions for storing function docker images.","labels":{"goog-managed-by":"cloudfunctions"},"createTime":"2026-01-03T10:30:49.119299Z","updateTime":"2026-01-06T07:46:38.835528Z","mode":"STANDARD_REPOSITORY","cleanupPolicies":{"firebase-functions-cleanup":{"id":"firebase-functions-cleanup","action":"DELETE","condition":{"tagState":"ANY","olderThan":"86400s"}}},"sizeBytes":"122981053","vulnerabilityScanningConfig":{"lastEnableTime":"2026-01-03T10:30:40.916877018Z","enablementState":"SCANNING_DISABLED","enablementStateReason":"API containerscanning.googleapis.com is not enabled."},"satisfiesPzi":true,"registryUri":"us-central1-docker.pkg.dev/qualiply-354a0/gcf-artifacts"}
[debug] [2026-01-06T07:46:46.544Z] Functions deploy failed.
[debug] [2026-01-06T07:46:46.544Z] {
  "endpoint": {
    "id": "notifyAdminOnApplication",
    "project": "qualiply-354a0",
    "region": "us-central1",
    "entryPoint": "notifyAdminOnApplication",
    "platform": "gcfv2",
    "runtime": "nodejs22",
    "eventTrigger": {
      "eventType": "google.cloud.firestore.document.v1.created",
      "retry": false,
      "eventFilters": {
        "database": "(default)",
        "namespace": "(default)"
      },
      "eventFilterPathPatterns": {
        "document": "applications/{appId}"
      },
      "region": "nam5"
    },
    "labels": {
      "deployment-tool": "cli-firebase"
    },
    "serviceAccount": null,
    "ingressSettings": null,
    "availableMemoryMb": null,
    "timeoutSeconds": null,
    "maxInstances": null,
    "minInstances": null,
    "concurrency": 80,
    "vpc": null,
    "environmentVariables": {
      "FIREBASE_CONFIG": "{\"projectId\":\"qualiply-354a0\",\"storageBucket\":\"qualiply-354a0.firebasestorage.app\"}",
      "GCLOUD_PROJECT": "qualiply-354a0",
      "EVENTARC_CLOUD_EVENT_SOURCE": "projects/qualiply-354a0/locations/us-central1/services/notifyAdminOnApplication"
    },
    "codebase": "default",
    "cpu": 1,
    "targetedByOnly": false,
    "hash": "f5e054887f90476afafe1283ed145f3077788bdd"
  },
  "op": "create",
  "original": {
    "name": "FirebaseError",
    "children": [],
    "exit": 1,
    "message": "Could not create or update Cloud Run service notifyadminonapplication, Container Healthcheck failed. Revision 'notifyadminonapplication-00001-sed' is not ready and cannot serve traffic. The user-provided container failed to start and listen on the port defined provided by the PORT=8080 environment variable within the allocated timeout. This can happen when the container port is misconfigured or if the timeout is too short. The health check timeout can be extended. Logs for this revision might contain more information.\n\nLogs URL: https://console.cloud.google.com/logs/viewer?project=qualiply-354a0&resource=cloud_run_revision/service_name/notifyadminonapplication/revision_name/notifyadminonapplication-00001-sed&advancedFilter=resource.type%3D%22cloud_run_revision%22%0Aresource.labels.service_name%3D%22notifyadminonapplication%22%0Aresource.labels.revision_name%3D%22notifyadminonapplication-00001-sed%22 \nFor more troubleshooting guidance, see https://cloud.google.com/run/docs/troubleshooting#container-failed-to-start",
    "original": {
      "code": 3,
      "message": "Could not create or update Cloud Run service notifyadminonapplication, Container Healthcheck failed. Revision 'notifyadminonapplication-00001-sed' is not ready and cannot serve traffic. The user-provided container failed to start and listen on the port defined provided by the PORT=8080 environment variable within the allocated timeout. This can happen when the container port is misconfigured or if the timeout is too short. The health check timeout can be extended. Logs for this revision might contain more information.\n\nLogs URL: https://console.cloud.google.com/logs/viewer?project=qualiply-354a0&resource=cloud_run_revision/service_name/notifyadminonapplication/revision_name/notifyadminonapplication-00001-sed&advancedFilter=resource.type%3D%22cloud_run_revision%22%0Aresource.labels.service_name%3D%22notifyadminonapplication%22%0Aresource.labels.revision_name%3D%22notifyadminonapplication-00001-sed%22 \nFor more troubleshooting guidance, see https://cloud.google.com/run/docs/troubleshooting#container-failed-to-start"
    },
    "status": 3,
    "code": 3
  }
}
[debug] [2026-01-06T07:46:46.545Z] Error: Failed to create function notifyAdminOnApplication in region us-central1
    at C:\Users\user\AppData\Roaming\npm\node_modules\firebase-tools\lib\deploy\functions\release\fabricator.js:306:27
    at process.processTicksAndRejections (node:internal/process/task_queues:105:5)
    at async Fabricator.createV2Function (C:\Users\user\AppData\Roaming\npm\node_modules\firebase-tools\lib\deploy\functions\release\fabricator.js:290:30)
    at async Fabricator.createEndpoint (C:\Users\user\AppData\Roaming\npm\node_modules\firebase-tools\lib\deploy\functions\release\fabricator.js:137:13)
    at async handle (C:\Users\user\AppData\Roaming\npm\node_modules\firebase-tools\lib\deploy\functions\release\fabricator.js:89:17)
[error] 
[error] Error: There was an error deploying functions
